Using pre-set license
Built from '2020.3/staging' branch; Version is '2020.3.13f1 (71691879b7f5) revision 7432472'; Using compiler version '192528614'; Build Type 'Release'
OS: 'Windows 10 Pro; OS build 19042.1165; Version 2009; 64bit' Language: 'ru' Physical Memory: 32677 MB
BatchMode: 1, IsHumanControllingUs: 0, StartBugReporterOnCrash: 0, Is64bit: 1, IsPro: 0

 COMMAND LINE ARGUMENTS:
C:\Program Files\Unity\Hub\Editor\2020.3.13f1\Editor\Unity.exe
-adb2
-batchMode
-noUpm
-name
AssetImportWorker0
-projectPath
D:/UnityProjects/Space Shooter/Space Shooter
-logFile
Logs/AssetImportWorker0.log
-srvPort
10471
Successfully changed project path to: D:/UnityProjects/Space Shooter/Space Shooter
D:/UnityProjects/Space Shooter/Space Shooter
Using Asset Import Pipeline V2.
Refreshing native plugins compatible for Editor in 86.36 ms, found 3 plugins.
Preloading 0 native plugins for Editor in 0.00 ms.
Initialize engine version: 2020.3.13f1 (71691879b7f5)
[Subsystems] Discovering subsystems at path C:/Program Files/Unity/Hub/Editor/2020.3.13f1/Editor/Data/Resources/UnitySubsystems
[Subsystems] Discovering subsystems at path D:/UnityProjects/Space Shooter/Space Shooter/Assets
GfxDevice: creating device client; threaded=0
Direct3D:
    Version:  Direct3D 11.0 [level 11.1]
    Renderer: NVIDIA GeForce RTX 2080 Ti (ID=0x1e07)
    Vendor:   
    VRAM:     11048 MB
    Driver:   30.0.14.7111
Initialize mono
Mono path[0] = 'C:/Program Files/Unity/Hub/Editor/2020.3.13f1/Editor/Data/Managed'
Mono path[1] = 'C:/Program Files/Unity/Hub/Editor/2020.3.13f1/Editor/Data/MonoBleedingEdge/lib/mono/unityjit'
Mono config path = 'C:/Program Files/Unity/Hub/Editor/2020.3.13f1/Editor/Data/MonoBleedingEdge/etc'
Using monoOptions --debugger-agent=transport=dt_socket,embedding=1,server=y,suspend=n,address=127.0.0.1:56556
Begin MonoManager ReloadAssembly
Registering precompiled unity dll's ...
Register platform support module: C:/Program Files/Unity/Hub/Editor/2020.3.13f1/Editor/Data/PlaybackEngines/WebGLSupport/UnityEditor.WebGL.Extensions.dll
Register platform support module: C:/Program Files/Unity/Hub/Editor/2020.3.13f1/Editor/Data/PlaybackEngines/WindowsStandaloneSupport/UnityEditor.WindowsStandalone.Extensions.dll
Registered in 0.002778 seconds.
Native extension for WindowsStandalone target not found
Native extension for WebGL target not found
Refreshing native plugins compatible for Editor in 88.97 ms, found 3 plugins.
Preloading 0 native plugins for Editor in 0.00 ms.
Mono: successfully reloaded assembly
- Completed reload, in  2.304 seconds
Platform modules already initialized, skipping
Registering precompiled user dll's ...
Registered in 0.004469 seconds.
Begin MonoManager ReloadAssembly
Symbol file LoadedFromMemory doesn't match image D:\UnityProjects\Space Shooter\Space Shooter\Library\PackageCache\com.unity.visualscripting@1.6.1\Editor\VisualScripting.Core\Dependencies\YamlDotNet\Unity.VisualScripting.YamlDotNet.dll
Symbol file LoadedFromMemory doesn't match image D:\UnityProjects\Space Shooter\Space Shooter\Library\PackageCache\com.unity.visualscripting@1.6.1\Editor\VisualScripting.Core\Dependencies\DotNetZip\Unity.VisualScripting.IonicZip.dll
Native extension for WindowsStandalone target not found
Native extension for WebGL target not found
Refreshing native plugins compatible for Editor in 0.66 ms, found 3 plugins.
Preloading 0 native plugins for Editor in 0.00 ms.
Mono: successfully reloaded assembly
- Completed reload, in  1.159 seconds
Platform modules already initialized, skipping
========================================================================
Worker process is ready to serve import requests
Launched and connected shader compiler UnityShaderCompiler.exe after 0.04 seconds
Refreshing native plugins compatible for Editor in 0.67 ms, found 3 plugins.
Preloading 0 native plugins for Editor in 0.00 ms.
Unloading 3072 Unused Serialized files (Serialized files now loaded: 0)
System memory in use before: 114.7 MB.
System memory in use after: 115.0 MB.

Unloading 22 unused Assets to reduce memory usage. Loaded Objects now: 3502.
Total: 3.182800 ms (FindLiveObjects: 0.379700 ms CreateObjectMapping: 0.122800 ms MarkObjects: 2.603400 ms  DeleteObjects: 0.075000 ms)

AssetImportParameters requested are different than current active one (requested -> active):
  custom:framework-win-MediaFoundation: 216162199b28c13a410421893ffa2e32 -> 
  custom:video-decoder-ogg-theora: a1e56fd34408186e4bbccfd4996cb3dc -> 
  custom:container-muxer-webm: aa71ff27fc2769a1b78a27578f13a17b -> 
  custom:container-demuxer-webm: 4f35f7cbe854078d1ac9338744f61a02 -> 
  custom:container-demuxer-ogg: 62fdf1f143b41e24485cea50d1cbac27 -> 
  custom:video-encoder-webm-vp8: eb34c28f22e8b96e1ab97ce403110664 -> 
  custom:video-decoder-webm-vp8: 9c59270c3fd7afecdb556c50c9e8de78 -> 
  custom:audio-decoder-ogg-vorbis: bf7c407c2cedff20999df2af8eb42d56 -> 
  custom:audio-encoder-webm-vorbis: bf7c407c2cedff20999df2af8eb42d56 -> 
========================================================================
Received Import Request.
  path: Assets/Audio/power_up_sound.wav
  artifactKey: Guid(5ee343246919d2b4bba63ae629e95494) Importer(815301076,1909f56bfc062723c751e8b465ee728b)
Start importing Assets/Audio/power_up_sound.wav using Guid(5ee343246919d2b4bba63ae629e95494) Importer(815301076,1909f56bfc062723c751e8b465ee728b)  -> (artifact id: '9d565a7daf51c45cb398647dda94096d') in 0.160629 seconds 
  Import took 0.166068 seconds .

========================================================================
Received Import Request.
  Time since last request: 0.000173 seconds.
  path: Assets/Audio/music_background.wav
  artifactKey: Guid(5b17a0088dcdf924fa92da5af1e1be07) Importer(815301076,1909f56bfc062723c751e8b465ee728b)
Start importing Assets/Audio/music_background.wav using Guid(5b17a0088dcdf924fa92da5af1e1be07) Importer(815301076,1909f56bfc062723c751e8b465ee728b)  -> (artifact id: '77e383cf364103b5456adc5ac1408c95') in 0.013439 seconds 
  Import took 0.017489 seconds .

========================================================================
Received Import Request.
  Time since last request: 0.000215 seconds.
  path: Assets/Materials/Laser_mat.mat
  artifactKey: Guid(5a50e3e99dbebd046a4392b25b9c358b) Importer(815301076,1909f56bfc062723c751e8b465ee728b)
Start importing Assets/Materials/Laser_mat.mat using Guid(5a50e3e99dbebd046a4392b25b9c358b) Importer(815301076,1909f56bfc062723c751e8b465ee728b)  -> (artifact id: 'dc80abd84656e193bf514cb902121fcd') in 0.237090 seconds 
  Import took 0.241461 seconds .

========================================================================
Received Import Request.
  Time since last request: 0.000160 seconds.
  path: Assets/Materials/Player_mat.mat
  artifactKey: Guid(10ed46f666d61f74185ce3ab24961231) Importer(815301076,1909f56bfc062723c751e8b465ee728b)
Start importing Assets/Materials/Player_mat.mat using Guid(10ed46f666d61f74185ce3ab24961231) Importer(815301076,1909f56bfc062723c751e8b465ee728b)  -> (artifact id: '7b465cc29738bc893ff5ce80e22fe5e5') in 0.009222 seconds 
  Import took 0.013152 seconds .

========================================================================
Received Import Request.
  Time since last request: 0.000168 seconds.
  path: Assets/Audio/laser_shot.wav
  artifactKey: Guid(75676f361bdfeaf41a46623e95df3dbc) Importer(815301076,1909f56bfc062723c751e8b465ee728b)
Start importing Assets/Audio/laser_shot.wav using Guid(75676f361bdfeaf41a46623e95df3dbc) Importer(815301076,1909f56bfc062723c751e8b465ee728b)  -> (artifact id: '594b870e0b5720a20aae839737d6bf62') in 0.008518 seconds 
  Import took 0.012396 seconds .

========================================================================
Received Import Request.
  Time since last request: 0.000163 seconds.
  path: Assets/Audio/explosion_sound.wav
  artifactKey: Guid(a885c043fab7e46438bba03ba9dab6bc) Importer(815301076,1909f56bfc062723c751e8b465ee728b)
Start importing Assets/Audio/explosion_sound.wav using Guid(a885c043fab7e46438bba03ba9dab6bc) Importer(815301076,1909f56bfc062723c751e8b465ee728b)  -> (artifact id: '5b4a4cc43b837098b3cac8bfe2eee592') in 0.009549 seconds 
  Import took 0.013464 seconds .

========================================================================
Received Import Request.
  Time since last request: 0.000160 seconds.
  path: Assets/Materials/Enemy_mat.mat
  artifactKey: Guid(fb316a7574ae7594f8d015d48ff19cb6) Importer(815301076,1909f56bfc062723c751e8b465ee728b)
Start importing Assets/Materials/Enemy_mat.mat using Guid(fb316a7574ae7594f8d015d48ff19cb6) Importer(815301076,1909f56bfc062723c751e8b465ee728b)  -> (artifact id: '575ad72f99fe732dbac0d20c0e8ae630') in 0.009112 seconds 
  Import took 0.013149 seconds .

========================================================================
Received Import Request.
  Time since last request: 19.865451 seconds.
  path: Assets/Scenes/Main_Menu.unity
  artifactKey: Guid(a2854bc92a3f49840b2c826578f7ea91) Importer(815301076,1909f56bfc062723c751e8b465ee728b)
Start importing Assets/Scenes/Main_Menu.unity using Guid(a2854bc92a3f49840b2c826578f7ea91) Importer(815301076,1909f56bfc062723c751e8b465ee728b)  -> (artifact id: '0c65f02c8edf2d65a7578f080d3ccff1') in 0.004960 seconds 
  Import took 0.009236 seconds .

========================================================================
Received Import Request.
  Time since last request: 0.007165 seconds.
  path: Assets/Scenes/Main_Menu.unity
  artifactKey: Guid(a2854bc92a3f49840b2c826578f7ea91) Importer(815301076,1909f56bfc062723c751e8b465ee728b)
Start importing Assets/Scenes/Main_Menu.unity using Guid(a2854bc92a3f49840b2c826578f7ea91) Importer(815301076,1909f56bfc062723c751e8b465ee728b)  -> (artifact id: '0c65f02c8edf2d65a7578f080d3ccff1') in 0.002164 seconds 
  Import took 0.006933 seconds .

========================================================================
Received Import Request.
  Time since last request: 11.564975 seconds.
  path: Assets/Scenes/Game.unity
  artifactKey: Guid(2693da92a7b52c2439d11d4b72f6da72) Importer(815301076,1909f56bfc062723c751e8b465ee728b)
Start importing Assets/Scenes/Game.unity using Guid(2693da92a7b52c2439d11d4b72f6da72) Importer(815301076,1909f56bfc062723c751e8b465ee728b)  -> (artifact id: '8873981224bb8c4db3f94dd7e10bd799') in 0.005185 seconds 
  Import took 0.009574 seconds .

========================================================================
Received Prepare
Registering precompiled user dll's ...
Registered in 0.004238 seconds.
Begin MonoManager ReloadAssembly
Symbol file LoadedFromMemory doesn't match image D:\UnityProjects\Space Shooter\Space Shooter\Library\PackageCache\com.unity.visualscripting@1.6.1\Editor\VisualScripting.Core\Dependencies\YamlDotNet\Unity.VisualScripting.YamlDotNet.dll
Symbol file LoadedFromMemory doesn't match image D:\UnityProjects\Space Shooter\Space Shooter\Library\PackageCache\com.unity.visualscripting@1.6.1\Editor\VisualScripting.Core\Dependencies\DotNetZip\Unity.VisualScripting.IonicZip.dll
Native extension for WindowsStandalone target not found
Native extension for WebGL target not found
Refreshing native plugins compatible for Editor in 0.61 ms, found 3 plugins.
Preloading 0 native plugins for Editor in 0.00 ms.
Mono: successfully reloaded assembly
- Completed reload, in  1.054 seconds
Platform modules already initialized, skipping
Refreshing native plugins compatible for Editor in 0.62 ms, found 3 plugins.
Preloading 0 native plugins for Editor in 0.00 ms.
Unloading 3039 Unused Serialized files (Serialized files now loaded: 0)
System memory in use before: 115.3 MB.
System memory in use after: 115.5 MB.

Unloading 17 unused Assets to reduce memory usage. Loaded Objects now: 3547.
Total: 2.026600 ms (FindLiveObjects: 0.269500 ms CreateObjectMapping: 0.077400 ms MarkObjects: 1.662400 ms  DeleteObjects: 0.015700 ms)

AssetImportParameters requested are different than current active one (requested -> active):
  custom:framework-win-MediaFoundation: 216162199b28c13a410421893ffa2e32 -> 
  custom:video-decoder-ogg-theora: a1e56fd34408186e4bbccfd4996cb3dc -> 
  custom:container-muxer-webm: aa71ff27fc2769a1b78a27578f13a17b -> 
  custom:container-demuxer-webm: 4f35f7cbe854078d1ac9338744f61a02 -> 
  custom:container-demuxer-ogg: 62fdf1f143b41e24485cea50d1cbac27 -> 
  custom:video-encoder-webm-vp8: eb34c28f22e8b96e1ab97ce403110664 -> 
  custom:video-decoder-webm-vp8: 9c59270c3fd7afecdb556c50c9e8de78 -> 
  custom:audio-decoder-ogg-vorbis: bf7c407c2cedff20999df2af8eb42d56 -> 
  custom:audio-encoder-webm-vorbis: bf7c407c2cedff20999df2af8eb42d56 -> 
AssetImportWorkerClient::OnTransportError - code=2 error=End of file
